2026-07-12 19:35:57,648 [INFO] django.utils.autoreload: Watching for file changes with StatReloader
2026-07-12 19:36:06,537 [INFO] django.utils.autoreload: Watching for file changes with StatReloader
2026-07-12 19:36:08,666 [WARNING] django.server: "GET / HTTP/1.1" 404 2755
2026-07-12 19:36:13,784 [INFO] django.server: "GET /shop/ HTTP/1.1" 200 3628
2026-07-12 19:36:17,732 [INFO] django.server: "GET /user/register/ HTTP/1.1" 200 3411
2026-07-12 19:37:05,664 [INFO] user_management.views: New user registered: newUser
2026-07-12 19:37:05,674 [INFO] django.server: "POST /user/register/ HTTP/1.1" 302 0
2026-07-12 19:37:05,704 [INFO] django.server: "GET /shop/ HTTP/1.1" 200 3628
2026-07-12 20:07:35,726 [INFO] django.utils.autoreload: Watching for file changes with StatReloader
2026-07-12 20:07:37,177 [WARNING] django.server: "GET / HTTP/1.1" 404 2755
2026-07-12 20:07:41,365 [INFO] django.server: "GET /admin/ HTTP/1.1" 302 0
2026-07-12 20:07:41,407 [INFO] django.server: "GET /admin/login/?next=/admin/ HTTP/1.1" 200 4080
2026-07-12 20:07:41,581 [INFO] django.server: "GET /static/admin/js/theme.js HTTP/1.1" 200 1653
2026-07-12 20:07:41,583 [INFO] django.server: "GET /static/admin/css/responsive.css HTTP/1.1" 200 16273
2026-07-12 20:07:41,591 [INFO] django.server: "GET /static/admin/css/base.css HTTP/1.1" 200 23100
2026-07-12 20:07:41,605 [INFO] django.server: "GET /static/admin/css/dark_mode.css HTTP/1.1" 200 3538
2026-07-12 20:07:41,748 [INFO] django.server: "GET /static/admin/css/nav_sidebar.css HTTP/1.1" 200 2810
2026-07-12 20:07:41,752 [INFO] django.server: "GET /static/admin/js/nav_sidebar.js HTTP/1.1" 200 3063
2026-07-12 20:07:41,753 [INFO] django.server: "GET /static/admin/css/login.css HTTP/1.1" 200 951
2026-07-12 20:07:44,536 [INFO] django.server: "POST /admin/login/?next=/admin/ HTTP/1.1" 200 4248
2026-07-12 20:07:46,303 [INFO] django.server: "POST /admin/login/?next=/admin/ HTTP/1.1" 302 0
2026-07-12 20:07:46,342 [INFO] django.server: "GET /admin/ HTTP/1.1" 200 15903
2026-07-12 20:07:46,377 [INFO] django.server: "GET /static/admin/css/dashboard.css HTTP/1.1" 200 441
2026-07-12 20:07:46,427 [INFO] django.server: "GET /static/admin/img/icon-addlink.svg HTTP/1.1" 200 593
2026-07-12 20:07:46,427 [INFO] django.server: "GET /static/admin/img/icon-changelink.svg HTTP/1.1" 200 978
2026-07-12 20:07:56,049 [INFO] django.server: "GET /admin/auth/group/add/ HTTP/1.1" 200 20246
2026-07-12 20:07:56,082 [INFO] django.server: "GET /static/admin/js/vendor/jquery/jquery.js HTTP/1.1" 304 0
2026-07-12 20:07:56,082 [INFO] django.server: "GET /static/admin/js/jquery.init.js HTTP/1.1" 304 0
2026-07-12 20:07:56,083 [INFO] django.server: "GET /static/admin/js/SelectFilter2.js HTTP/1.1" 200 16428
2026-07-12 20:07:56,084 [INFO] django.server: "GET /static/admin/js/SelectBox.js HTTP/1.1" 200 4530
2026-07-12 20:07:56,084 [INFO] django.server: "GET /static/admin/css/forms.css HTTP/1.1" 200 8831
2026-07-12 20:07:56,085 [INFO] django.server: "GET /static/admin/js/core.js HTTP/1.1" 304 0
2026-07-12 20:07:56,086 [INFO] django.server: "GET /static/admin/js/admin/RelatedObjectLookups.js HTTP/1.1" 304 0
2026-07-12 20:07:56,087 [INFO] django.server: "GET /static/admin/js/actions.js HTTP/1.1" 304 0
2026-07-12 20:07:56,087 [INFO] django.server: "GET /static/admin/js/urlify.js HTTP/1.1" 304 0
2026-07-12 20:07:56,088 [INFO] django.server: "GET /static/admin/js/prepopulate.js HTTP/1.1" 304 0
2026-07-12 20:07:56,088 [INFO] django.server: "GET /static/admin/js/vendor/xregexp/xregexp.js HTTP/1.1" 304 0
2026-07-12 20:07:56,089 [INFO] django.server: "GET /static/admin/js/change_form.js HTTP/1.1" 304 0
2026-07-12 20:07:56,089 [INFO] django.server: "GET /static/admin/js/prepopulate_init.js HTTP/1.1" 304 0
2026-07-12 20:07:56,094 [WARNING] silk.model_factory: Response to request with pk 5a953665-be66-4673-84c3-57ed36ca4979 has content type text/javascript but was unable to parse it
2026-07-12 20:07:56,105 [INFO] django.server: "GET /admin/jsi18n/ HTTP/1.1" 200 3342
2026-07-12 20:07:56,130 [INFO] django.server: "GET /static/admin/css/widgets.css HTTP/1.1" 200 11811
2026-07-12 20:07:56,200 [INFO] django.server: "GET /static/admin/img/search.svg HTTP/1.1" 200 607
2026-07-12 20:07:56,201 [INFO] django.server: "GET /static/admin/img/selector-icons.svg HTTP/1.1" 200 2387
2026-07-12 20:08:26,535 [INFO] django.server: "POST /admin/auth/group/add/ HTTP/1.1" 302 0
2026-07-12 20:08:26,579 [INFO] django.server: "GET /admin/auth/group/ HTTP/1.1" 200 14400
2026-07-12 20:08:26,606 [INFO] django.server: "GET /static/admin/js/filters.js HTTP/1.1" 200 978
2026-07-12 20:08:26,606 [INFO] django.server: "GET /static/admin/css/changelists.css HTTP/1.1" 200 7498
2026-07-12 20:08:26,613 [WARNING] silk.model_factory: Response to request with pk f8d389e4-43d7-4cab-b14d-e007288d9cb5 has content type text/javascript but was unable to parse it
2026-07-12 20:08:26,625 [INFO] django.server: "GET /admin/jsi18n/ HTTP/1.1" 200 3342
2026-07-12 20:08:26,676 [INFO] django.server: "GET /static/admin/img/icon-yes.svg HTTP/1.1" 200 558
2026-07-12 20:08:26,676 [INFO] django.server: "GET /static/admin/img/tooltag-add.svg HTTP/1.1" 200 593
2026-07-12 20:08:28,337 [INFO] django.server: "GET /admin/auth/group/1/change/ HTTP/1.1" 200 20501
2026-07-12 20:08:28,372 [WARNING] silk.model_factory: Response to request with pk e7092e10-a0e8-4586-9228-b50d9987b087 has content type text/javascript but was unable to parse it
2026-07-12 20:08:28,382 [INFO] django.server: "GET /admin/jsi18n/ HTTP/1.1" 200 3342
2026-07-12 20:08:36,762 [INFO] django.server: "GET /admin/auth/group/ HTTP/1.1" 200 14202
2026-07-12 20:08:36,799 [WARNING] silk.model_factory: Response to request with pk f9143b4a-2237-4c4f-88e1-7f6fd965e136 has content type text/javascript but was unable to parse it
2026-07-12 20:08:36,812 [INFO] django.server: "GET /admin/jsi18n/ HTTP/1.1" 200 3342
2026-07-12 20:08:38,536 [INFO] django.server: "GET /admin/auth/ HTTP/1.1" 200 5480
2026-07-12 20:08:40,835 [INFO] django.server: "GET /admin/auth/group/ HTTP/1.1" 200 14202
2026-07-12 20:08:40,870 [WARNING] silk.model_factory: Response to request with pk 8b7f2b7a-9dff-47a9-aa96-8ffcf752af07 has content type text/javascript but was unable to parse it
2026-07-12 20:08:40,881 [INFO] django.server: "GET /admin/jsi18n/ HTTP/1.1" 200 3342
2026-07-12 20:08:42,142 [INFO] django.server: "GET /admin/auth/group/1/change/ HTTP/1.1" 200 20501
2026-07-12 20:08:42,176 [WARNING] silk.model_factory: Response to request with pk 86eb4e00-36e1-423e-8272-aeb61ff1047e has content type text/javascript but was unable to parse it
2026-07-12 20:08:42,187 [INFO] django.server: "GET /admin/jsi18n/ HTTP/1.1" 200 3342
2026-07-12 20:08:50,269 [INFO] django.server: "GET /shop/ HTTP/1.1" 200 3699
2026-07-12 20:08:56,004 [INFO] django.server: "GET /shop/avg-price/ HTTP/1.1" 200 839
2026-07-12 20:08:59,184 [INFO] django.server: "GET /user/logout/ HTTP/1.1" 302 0
2026-07-12 20:08:59,217 [INFO] django.server: "GET /shop/ HTTP/1.1" 200 3628
2026-07-12 20:09:01,255 [INFO] django.server: "GET /user/login/ HTTP/1.1" 200 1989
2026-07-12 20:09:05,128 [INFO] django.server: "POST /user/login/ HTTP/1.1" 302 0
2026-07-12 20:09:05,163 [INFO] django.server: "GET /shop/ HTTP/1.1" 200 3700
2026-07-12 20:09:06,959 [WARNING] django.server: "GET /shop/avg-price/ HTTP/1.1" 403 292
2026-07-12 20:17:50,297 [INFO] django.utils.autoreload: Watching for file changes with StatReloader
2026-07-12 20:17:53,069 [WARNING] django.server: "GET / HTTP/1.1" 404 2755
2026-07-12 20:18:00,552 [INFO] django.server: "GET /admin/ HTTP/1.1" 302 0
2026-07-12 20:18:00,614 [INFO] django.server: "GET /admin/login/?next=/admin/ HTTP/1.1" 200 3595
2026-07-12 20:18:04,898 [INFO] django.server: "POST /admin/login/?next=/admin/ HTTP/1.1" 302 0
2026-07-12 20:18:04,934 [INFO] django.server: "GET /admin/ HTTP/1.1" 200 15894
2026-07-12 20:18:07,590 [INFO] django.server: "GET /admin/auth/group/ HTTP/1.1" 200 14202
2026-07-12 20:18:07,631 [WARNING] silk.model_factory: Response to request with pk 58d32811-a449-418a-998f-2758d745633d has content type text/javascript but was unable to parse it
2026-07-12 20:18:07,644 [INFO] django.server: "GET /admin/jsi18n/ HTTP/1.1" 200 3342
2026-07-12 20:18:51,246 [INFO] django.server: "GET /admin/auth/group/1/change/ HTTP/1.1" 200 20501
2026-07-12 20:18:51,295 [WARNING] silk.model_factory: Response to request with pk 9d2c0f56-87ad-497f-bbd0-e76c0c17dd7f has content type text/javascript but was unable to parse it
2026-07-12 20:18:51,307 [INFO] django.server: "GET /admin/jsi18n/ HTTP/1.1" 200 3342
2026-07-12 20:18:57,690 [INFO] django.utils.autoreload: H:\DjangoHW\user_management\views.py changed, reloading.
2026-07-12 20:18:58,134 [INFO] django.utils.autoreload: Watching for file changes with StatReloader
2026-07-12 20:19:04,152 [INFO] django.server: "GET /admin/auth/group/ HTTP/1.1" 200 14202
2026-07-12 20:19:11,619 [INFO] django.server: "GET /admin/ HTTP/1.1" 200 15894
2026-07-12 20:19:14,447 [WARNING] django.server: "GET / HTTP/1.1" 404 2755
2026-07-12 20:19:18,123 [INFO] django.server: "GET /shop/ HTTP/1.1" 200 3699
2026-07-12 20:19:19,799 [INFO] django.server: "GET /user/logout/ HTTP/1.1" 302 0
2026-07-12 20:19:19,831 [INFO] django.server: "GET /shop/ HTTP/1.1" 200 3628
2026-07-12 20:19:21,322 [INFO] django.server: "GET /user/register/ HTTP/1.1" 200 3411
2026-07-12 20:20:22,354 [WARNING] user_management.views: Invalid registration attempt: <ul class="errorlist"><li>password2<ul class="errorlist" id="id_password2_error"><li>This password is too short. It must contain at least 8 characters.</li></ul></li></ul>
2026-07-12 20:20:22,368 [INFO] django.server: "POST /user/register/ HTTP/1.1" 200 3942
2026-07-12 20:20:42,183 [INFO] user_management.views: New user registered: newUser2
2026-07-12 20:20:42,194 [INFO] django.server: "POST /user/register/ HTTP/1.1" 302 0
2026-07-12 20:20:42,226 [INFO] django.server: "GET /shop/ HTTP/1.1" 200 3628
2026-07-12 20:20:46,849 [WARNING] django.server: "GET /shop/avg-price/ HTTP/1.1" 403 292
2026-07-12 20:20:57,989 [INFO] django.server: "GET /user/login/ HTTP/1.1" 200 1989
2026-07-12 20:21:02,269 [INFO] django.server: "POST /user/login/ HTTP/1.1" 302 0
2026-07-12 20:21:02,303 [INFO] django.server: "GET /shop/ HTTP/1.1" 200 3702
2026-07-12 20:21:04,348 [WARNING] django.server: "GET /shop/avg-price/ HTTP/1.1" 403 292
2026-07-12 20:23:40,591 [INFO] django.utils.autoreload: H:\DjangoHW\user_management\views.py changed, reloading.
2026-07-12 20:23:41,042 [INFO] django.utils.autoreload: Watching for file changes with StatReloader
2026-07-12 20:23:50,752 [INFO] django.server: "GET /admin/ HTTP/1.1" 302 0
2026-07-12 20:23:50,828 [INFO] django.server: "GET /admin/login/?next=/admin/ HTTP/1.1" 200 3597
2026-07-12 20:23:54,215 [INFO] django.server: "POST /admin/login/?next=/admin/ HTTP/1.1" 302 0
2026-07-12 20:23:54,251 [INFO] django.server: "GET /admin/ HTTP/1.1" 200 15894
2026-07-12 20:23:55,600 [INFO] django.server: "GET /admin/auth/group/ HTTP/1.1" 200 14202
2026-07-12 20:23:55,635 [WARNING] silk.model_factory: Response to request with pk c28bf594-6f28-4d8a-9590-ff71fedeeb40 has content type text/javascript but was unable to parse it
2026-07-12 20:23:55,648 [INFO] django.server: "GET /admin/jsi18n/ HTTP/1.1" 200 3342
2026-07-12 20:24:39,608 [INFO] django.utils.autoreload: Watching for file changes with StatReloader
2026-07-12 20:24:41,212 [WARNING] django.server: "GET / HTTP/1.1" 404 2755
2026-07-12 20:24:48,803 [WARNING] django.server: "GET /user/ HTTP/1.1" 404 3706
2026-07-12 20:24:58,184 [INFO] django.server: "GET /user/login/ HTTP/1.1" 200 2060
2026-07-12 20:25:00,544 [INFO] django.server: "GET /user/logout/ HTTP/1.1" 302 0
2026-07-12 20:25:00,580 [INFO] django.server: "GET /shop/ HTTP/1.1" 200 3628
2026-07-12 20:25:01,334 [INFO] django.server: "GET /user/register/ HTTP/1.1" 200 3411
2026-07-12 20:25:37,583 [INFO] user_management.views: New user registered: newUser3
2026-07-12 20:25:37,596 [INFO] django.server: "POST /user/register/ HTTP/1.1" 302 0
2026-07-12 20:25:37,641 [INFO] django.server: "GET /shop/ HTTP/1.1" 200 3628
2026-07-12 20:25:39,977 [WARNING] django.server: "GET /shop/avg-price/ HTTP/1.1" 403 292
2026-07-12 20:27:02,393 [INFO] django.server: "GET /admin/auth/group/1/change/ HTTP/1.1" 302 0
2026-07-12 20:27:02,423 [INFO] django.server: "GET /admin/login/?next=/admin/auth/group/1/change/ HTTP/1.1" 200 4120
2026-07-12 20:27:05,130 [INFO] django.server: "POST /admin/login/?next=/admin/auth/group/1/change/ HTTP/1.1" 302 0
2026-07-12 20:27:05,188 [INFO] django.server: "GET /admin/auth/group/1/change/ HTTP/1.1" 200 20501
2026-07-12 20:27:05,239 [WARNING] silk.model_factory: Response to request with pk 0e072f08-028e-475d-8f5e-1cba4d84b053 has content type text/javascript but was unable to parse it
2026-07-12 20:27:05,249 [INFO] django.server: "GET /admin/jsi18n/ HTTP/1.1" 200 3342
2026-07-12 20:27:56,796 [INFO] django.server: "GET /user/login/ HTTP/1.1" 200 2060
2026-07-12 20:28:00,174 [INFO] django.server: "POST /user/login/ HTTP/1.1" 302 0
2026-07-12 20:28:00,216 [INFO] django.server: "GET /shop/ HTTP/1.1" 200 3702
2026-07-12 20:28:02,382 [WARNING] django.server: "GET /shop/avg-price/ HTTP/1.1" 403 292
2026-07-12 20:34:54,542 [INFO] django.utils.autoreload: Watching for file changes with StatReloader
2026-07-12 20:34:55,737 [WARNING] django.server: "GET / HTTP/1.1" 404 2755
2026-07-12 20:35:00,743 [INFO] django.server: "GET /shop/ HTTP/1.1" 200 3702
2026-07-12 20:35:04,344 [INFO] django.server: "GET /shop/avg-price/ HTTP/1.1" 200 839
2026-07-12 20:35:06,468 [INFO] django.server: "GET /user/logout/ HTTP/1.1" 302 0
2026-07-12 20:35:06,502 [INFO] django.server: "GET /shop/ HTTP/1.1" 200 3628
2026-07-12 20:35:07,702 [INFO] django.server: "GET /user/login/ HTTP/1.1" 200 1989
2026-07-12 20:35:11,022 [INFO] django.server: "POST /user/login/ HTTP/1.1" 302 0
2026-07-12 20:35:11,082 [INFO] django.server: "GET /shop/ HTTP/1.1" 200 3702
2026-07-12 20:35:12,699 [WARNING] django.server: "GET /shop/avg-price/ HTTP/1.1" 403 292
